[debug] [2019-02-13T17:35:11.486Z] ----------------------------------------------------------------------
[debug] [2019-02-13T17:35:11.488Z] Command:       C:\Program Files\nodejs\node.exe C:\Users\S190079\AppData\Roaming\npm\node_modules\firebase-tools\lib\bin\firebase.js serve
[debug] [2019-02-13T17:35:11.489Z] CLI Version:   6.3.1
[debug] [2019-02-13T17:35:11.489Z] Platform:      win32
[debug] [2019-02-13T17:35:11.489Z] Node Version:  v10.15.1
[debug] [2019-02-13T17:35:11.495Z] Time:          Wed Feb 13 2019 12:35:11 GMT-0500 (Eastern Standard Time)
[debug] [2019-02-13T17:35:11.496Z] ----------------------------------------------------------------------
[debug] 
[debug] [2019-02-13T17:35:11.516Z] > command requires scopes: ["email","openid","https://www.googleapis.com/auth/cloudplatformprojects.readonly","https://www.googleapis.com/auth/firebase","https://www.googleapis.com/auth/cloud-platform"]
[debug] [2019-02-13T17:35:11.516Z] > authorizing via signed-in user
[debug] [2019-02-13T17:35:11.517Z] [iam] checking project test-project-a8dd5 for permissions ["firebase.projects.get"]
[debug] [2019-02-13T17:35:11.519Z] >>> HTTP REQUEST POST https://cloudresourcemanager.googleapis.com/v1/projects/test-project-a8dd5:testIamPermissions  

[debug] [2019-02-13T17:35:11.697Z] <<< HTTP RESPONSE 200
[debug] [2019-02-13T17:35:11.699Z] >>> HTTP REQUEST GET https://cloudresourcemanager.googleapis.com/v1/projects/test-project-a8dd5  
 
[debug] [2019-02-13T17:35:11.821Z] <<< HTTP RESPONSE 200
[info] 
[info] === Serving from 'P:\Firebase_app'...
[info] 
[debug] [2019-02-13T17:35:11.825Z] >>> HTTP REQUEST GET https://mobilesdk-pa.googleapis.com/v1/projects/1066619119347/clients/_:getWebAppConfig  
 
[debug] [2019-02-13T17:35:12.138Z] <<< HTTP RESPONSE 200
[info] i  hosting: Serving hosting files from: public
[info] +  hosting: Local server: http://localhost:5000
